0 info it worked if it ends with ok
1 verbose cli [ '/usr/local/bin/node',
1 verbose cli   '/usr/local/bin/npm',
1 verbose cli   'install',
1 verbose cli   'karma-firefox-launcher',
1 verbose cli   '--save-dev' ]
2 info using npm@2.10.1
3 info using node@v0.12.4
4 verbose install initial load of /Users/kenny/Documents/HR_WORK/Raise-Your-Hand/package.json
5 warn package.json Raise-your-hand@0.0.0 No description
6 warn package.json Raise-your-hand@0.0.0 No repository field.
7 warn package.json Raise-your-hand@0.0.0 No README data
8 verbose installManyTop reading scoped package data from /Users/kenny/Documents/HR_WORK/Raise-Your-Hand/node_modules/bcrypt-nodejs/package.json
9 verbose installManyTop reading scoped package data from /Users/kenny/Documents/HR_WORK/Raise-Your-Hand/node_modules/body-parser/package.json
10 verbose installManyTop reading scoped package data from /Users/kenny/Documents/HR_WORK/Raise-Your-Hand/node_modules/cors/package.json
11 verbose installManyTop reading scoped package data from /Users/kenny/Documents/HR_WORK/Raise-Your-Hand/node_modules/express/package.json
12 verbose installManyTop reading scoped package data from /Users/kenny/Documents/HR_WORK/Raise-Your-Hand/node_modules/jasmine/package.json
13 verbose installManyTop reading scoped package data from /Users/kenny/Documents/HR_WORK/Raise-Your-Hand/node_modules/jasmine-core/package.json
14 verbose installManyTop reading scoped package data from /Users/kenny/Documents/HR_WORK/Raise-Your-Hand/node_modules/jwt-simple/package.json
15 verbose installManyTop reading scoped package data from /Users/kenny/Documents/HR_WORK/Raise-Your-Hand/node_modules/karma/package.json
16 verbose installManyTop reading scoped package data from /Users/kenny/Documents/HR_WORK/Raise-Your-Hand/node_modules/karma-chrome-launcher/package.json
17 verbose installManyTop reading scoped package data from /Users/kenny/Documents/HR_WORK/Raise-Your-Hand/node_modules/karma-jasmine/package.json
18 verbose installManyTop reading scoped package data from /Users/kenny/Documents/HR_WORK/Raise-Your-Hand/node_modules/mongoose/package.json
19 verbose installManyTop reading scoped package data from /Users/kenny/Documents/HR_WORK/Raise-Your-Hand/node_modules/mongoose-findorcreate/package.json
20 verbose installManyTop reading scoped package data from /Users/kenny/Documents/HR_WORK/Raise-Your-Hand/node_modules/morgan/package.json
21 verbose installManyTop reading scoped package data from /Users/kenny/Documents/HR_WORK/Raise-Your-Hand/node_modules/passport/package.json
22 verbose installManyTop reading scoped package data from /Users/kenny/Documents/HR_WORK/Raise-Your-Hand/node_modules/passport-facebook-token/package.json
23 verbose installManyTop reading scoped package data from /Users/kenny/Documents/HR_WORK/Raise-Your-Hand/node_modules/passport-local/package.json
24 verbose installManyTop reading scoped package data from /Users/kenny/Documents/HR_WORK/Raise-Your-Hand/node_modules/prettyjson/package.json
25 verbose installManyTop reading scoped package data from /Users/kenny/Documents/HR_WORK/Raise-Your-Hand/node_modules/q/package.json
26 verbose installManyTop reading scoped package data from /Users/kenny/Documents/HR_WORK/Raise-Your-Hand/node_modules/request/package.json
27 verbose installManyTop reading scoped package data from /Users/kenny/Documents/HR_WORK/Raise-Your-Hand/node_modules/socket.io/package.json
28 verbose readDependencies loading dependencies from /Users/kenny/Documents/HR_WORK/Raise-Your-Hand/package.json
29 silly cache add args [ 'karma-firefox-launcher', null ]
30 verbose cache add spec karma-firefox-launcher
31 silly cache add parsed spec { raw: 'karma-firefox-launcher',
31 silly cache add   scope: null,
31 silly cache add   name: 'karma-firefox-launcher',
31 silly cache add   rawSpec: '',
31 silly cache add   spec: '*',
31 silly cache add   type: 'range' }
32 silly addNamed karma-firefox-launcher@*
33 verbose addNamed "*" is a valid semver range for karma-firefox-launcher
34 silly addNameRange { name: 'karma-firefox-launcher', range: '*', hasData: false }
35 silly mapToRegistry name karma-firefox-launcher
36 silly mapToRegistry using default registry
37 silly mapToRegistry registry https://registry.npmjs.org/
38 silly mapToRegistry uri https://registry.npmjs.org/karma-firefox-launcher
39 verbose addNameRange registry:https://registry.npmjs.org/karma-firefox-launcher not in flight; fetching
40 verbose request uri https://registry.npmjs.org/karma-firefox-launcher
41 verbose request no auth needed
42 info attempt registry request try #1 at 5:53:28 PM
43 verbose request id 2248fd32c0af6804
44 http request GET https://registry.npmjs.org/karma-firefox-launcher
45 http 200 https://registry.npmjs.org/karma-firefox-launcher
46 silly get cb [ 200,
46 silly get   { server: 'CouchDB/1.5.0 (Erlang OTP/R16B03)',
46 silly get     etag: '"3LGEO2D034PSY7WQ571KCITBU"',
46 silly get     'content-type': 'application/json',
46 silly get     'cache-control': 'max-age=60',
46 silly get     'content-length': '19454',
46 silly get     'accept-ranges': 'bytes',
46 silly get     date: 'Thu, 28 May 2015 00:53:29 GMT',
46 silly get     via: '1.1 varnish',
46 silly get     age: '0',
46 silly get     connection: 'keep-alive',
46 silly get     'x-served-by': 'cache-sjc3121-SJC',
46 silly get     'x-cache': 'HIT',
46 silly get     'x-cache-hits': '1',
46 silly get     'x-timer': 'S1432774409.010326,VS0,VE86',
46 silly get     vary: 'Accept' } ]
47 verbose get saving karma-firefox-launcher to /Users/kenny/.npm/registry.npmjs.org/karma-firefox-launcher/.cache.json
48 silly addNameRange number 2 { name: 'karma-firefox-launcher', range: '*', hasData: true }
49 silly addNameRange versions [ 'karma-firefox-launcher',
49 silly addNameRange   [ '0.0.1',
49 silly addNameRange     '0.0.2',
49 silly addNameRange     '0.0.3',
49 silly addNameRange     '0.1.0',
49 silly addNameRange     '0.1.1',
49 silly addNameRange     '0.1.2',
49 silly addNameRange     '0.1.3',
49 silly addNameRange     '0.1.4',
49 silly addNameRange     '0.1.5',
49 silly addNameRange     '0.1.6' ] ]
50 silly addNamed karma-firefox-launcher@0.1.6
51 verbose addNamed "0.1.6" is a plain semver version for karma-firefox-launcher
52 silly mapToRegistry name karma-firefox-launcher
53 silly mapToRegistry using default registry
54 silly mapToRegistry registry https://registry.npmjs.org/
55 silly mapToRegistry uri https://registry.npmjs.org/karma-firefox-launcher
56 verbose addRemoteTarball https://registry.npmjs.org/karma-firefox-launcher/-/karma-firefox-launcher-0.1.6.tgz not in flight; adding
57 verbose addRemoteTarball [ 'https://registry.npmjs.org/karma-firefox-launcher/-/karma-firefox-launcher-0.1.6.tgz',
57 verbose addRemoteTarball   'e5e8336c35e9f2c87dcadd06c8ec568d06530b55' ]
58 info retry fetch attempt 1 at 5:53:29 PM
59 info attempt registry request try #1 at 5:53:29 PM
60 http fetch GET https://registry.npmjs.org/karma-firefox-launcher/-/karma-firefox-launcher-0.1.6.tgz
61 http fetch 200 https://registry.npmjs.org/karma-firefox-launcher/-/karma-firefox-launcher-0.1.6.tgz
62 silly fetchAndShaCheck shasum e5e8336c35e9f2c87dcadd06c8ec568d06530b55
63 verbose addTmpTarball /var/folders/_4/nvxrqjyx5tl43_hl8b23p83h0000gn/T/npm-66047-cce4aa6b/registry.npmjs.org/karma-firefox-launcher/-/karma-firefox-launcher-0.1.6.tgz not in flight; adding
64 verbose addTmpTarball already have metadata; skipping unpack for karma-firefox-launcher@0.1.6
65 silly cache afterAdd karma-firefox-launcher@0.1.6
66 verbose afterAdd /Users/kenny/.npm/karma-firefox-launcher/0.1.6/package/package.json not in flight; writing
67 verbose afterAdd /Users/kenny/.npm/karma-firefox-launcher/0.1.6/package/package.json written
68 silly install resolved [ { name: 'karma-firefox-launcher',
68 silly install resolved     version: '0.1.6',
68 silly install resolved     description: 'A Karma plugin. Launcher for Firefox.',
68 silly install resolved     main: 'index.js',
68 silly install resolved     scripts: { test: 'echo "Error: no test specified" && exit 1' },
68 silly install resolved     repository:
68 silly install resolved      { type: 'git',
68 silly install resolved        url: 'git://github.com/karma-runner/karma-firefox-launcher.git' },
68 silly install resolved     keywords: [ 'karma-plugin', 'karma-launcher', 'firefox' ],
68 silly install resolved     author: { name: 'Vojta Jina', email: 'vojta.jina@gmail.com' },
68 silly install resolved     license: 'MIT',
68 silly install resolved     devDependencies:
68 silly install resolved      { grunt: '~0.4.1',
68 silly install resolved        'grunt-npm': '~0.0.2',
68 silly install resolved        'grunt-bump': '~0.0.7',
68 silly install resolved        'grunt-auto-release': '~0.0.2' },
68 silly install resolved     contributors:
68 silly install resolved      [ [Object],
68 silly install resolved        [Object],
68 silly install resolved        [Object],
68 silly install resolved        [Object],
68 silly install resolved        [Object],
68 silly install resolved        [Object],
68 silly install resolved        [Object],
68 silly install resolved        [Object],
68 silly install resolved        [Object],
68 silly install resolved        [Object],
68 silly install resolved        [Object],
68 silly install resolved        [Object],
68 silly install resolved        [Object],
68 silly install resolved        [Object],
68 silly install resolved        [Object],
68 silly install resolved        [Object],
68 silly install resolved        [Object] ],
68 silly install resolved     gitHead: 'abcb06112302b8c645547974b45d976910ca18d2',
68 silly install resolved     bugs: { url: 'https://github.com/karma-runner/karma-firefox-launcher/issues' },
68 silly install resolved     homepage: 'https://github.com/karma-runner/karma-firefox-launcher#readme',
68 silly install resolved     _id: 'karma-firefox-launcher@0.1.6',
68 silly install resolved     _shasum: 'e5e8336c35e9f2c87dcadd06c8ec568d06530b55',
68 silly install resolved     _from: 'karma-firefox-launcher@*',
68 silly install resolved     _npmVersion: '2.9.0',
68 silly install resolved     _nodeVersion: '0.10.30',
68 silly install resolved     _npmUser: { name: 'zzo', email: 'mark@zzo.com' },
68 silly install resolved     dist:
68 silly install resolved      { shasum: 'e5e8336c35e9f2c87dcadd06c8ec568d06530b55',
68 silly install resolved        tarball: 'http://registry.npmjs.org/karma-firefox-launcher/-/karma-firefox-launcher-0.1.6.tgz' },
68 silly install resolved     maintainers: [ [Object], [Object] ],
68 silly install resolved     directories: {},
68 silly install resolved     _resolved: 'https://registry.npmjs.org/karma-firefox-launcher/-/karma-firefox-launcher-0.1.6.tgz' } ]
69 info install karma-firefox-launcher@0.1.6 into /Users/kenny/Documents/HR_WORK/Raise-Your-Hand
70 info installOne karma-firefox-launcher@0.1.6
71 verbose installOne of karma-firefox-launcher to /Users/kenny/Documents/HR_WORK/Raise-Your-Hand not in flight; installing
72 warn locking Error: EACCES, open '/Users/kenny/.npm/_locks/karma-firefox-launcher-de3334704fa6992d.lock'
72 warn locking     at Error (native)
72 warn locking  /Users/kenny/.npm/_locks/karma-firefox-launcher-de3334704fa6992d.lock failed { [Error: EACCES, open '/Users/kenny/.npm/_locks/karma-firefox-launcher-de3334704fa6992d.lock']
72 warn locking   errno: -13,
72 warn locking   code: 'EACCES',
72 warn locking   path: '/Users/kenny/.npm/_locks/karma-firefox-launcher-de3334704fa6992d.lock' }
73 verbose stack Error: Attempt to unlock /Users/kenny/Documents/HR_WORK/Raise-Your-Hand/node_modules/karma-firefox-launcher, which hasn't been locked
73 verbose stack     at unlock (/usr/local/lib/node_modules/npm/lib/utils/locker.js:66:11)
73 verbose stack     at cb (/usr/local/lib/node_modules/npm/lib/install.js:1017:5)
73 verbose stack     at /usr/local/lib/node_modules/npm/lib/install.js:1021:20
73 verbose stack     at /usr/local/lib/node_modules/npm/lib/utils/locker.js:40:9
73 verbose stack     at cb (/usr/local/lib/node_modules/npm/node_modules/lockfile/lockfile.js:149:38)
73 verbose stack     at /usr/local/lib/node_modules/npm/node_modules/lockfile/lockfile.js:177:38
73 verbose stack     at FSReqWrap.oncomplete (fs.js:95:15)
74 verbose cwd /Users/kenny/Documents/HR_WORK/Raise-Your-Hand
75 error Darwin 14.0.0
76 error argv "/usr/local/bin/node" "/usr/local/bin/npm" "install" "karma-firefox-launcher" "--save-dev"
77 error node v0.12.4
78 error npm  v2.10.1
79 error Attempt to unlock /Users/kenny/Documents/HR_WORK/Raise-Your-Hand/node_modules/karma-firefox-launcher, which hasn't been locked
80 error If you need help, you may report this error at:
80 error     <https://github.com/npm/npm/issues>
81 verbose exit [ 1, true ]
